[2018-08-20T08:07:35.811] [INFO] 
  /$$$$$$  /$$$$$$$$ /$$$$$$$  /$$$$$$$$ /$$    /$$  /$$$$$$
 /$$__  $$|__  $$__/| $$__  $$| $$_____/| $$   | $$ /$$__  $$
| $$  \ $$   | $$   | $$  \ $$| $$      | $$   | $$| $$  \ $$
| $$$$$$$$   | $$   | $$$$$$$/| $$$$$   |  $$ / $$/| $$$$$$$$
| $$__  $$   | $$   | $$__  $$| $$__/    \  $$ $$/ | $$__  $$
| $$  | $$   | $$   | $$  \ $$| $$        \  $$$/  | $$  | $$
| $$  | $$   | $$   | $$  | $$| $$$$$$$$   \  $/   | $$  | $$
|__/  |__/   |__/   |__/  |__/|________/    \_/    |__/  |__/
 - Start Server port: 3789
[2018-08-20T08:08:03.184] [INFO] 
  /$$$$$$  /$$$$$$$$ /$$$$$$$  /$$$$$$$$ /$$    /$$  /$$$$$$
 /$$__  $$|__  $$__/| $$__  $$| $$_____/| $$   | $$ /$$__  $$
| $$  \ $$   | $$   | $$  \ $$| $$      | $$   | $$| $$  \ $$
| $$$$$$$$   | $$   | $$$$$$$/| $$$$$   |  $$ / $$/| $$$$$$$$
| $$__  $$   | $$   | $$__  $$| $$__/    \  $$ $$/ | $$__  $$
| $$  | $$   | $$   | $$  \ $$| $$        \  $$$/  | $$  | $$
| $$  | $$   | $$   | $$  | $$| $$$$$$$$   \  $/   | $$  | $$
|__/  |__/   |__/   |__/  |__/|________/    \_/    |__/  |__/
 - Start Server port: 3789
[2018-08-20T10:40:52.305] [INFO] 
  /$$$$$$  /$$$$$$$$ /$$$$$$$  /$$$$$$$$ /$$    /$$  /$$$$$$
 /$$__  $$|__  $$__/| $$__  $$| $$_____/| $$   | $$ /$$__  $$
| $$  \ $$   | $$   | $$  \ $$| $$      | $$   | $$| $$  \ $$
| $$$$$$$$   | $$   | $$$$$$$/| $$$$$   |  $$ / $$/| $$$$$$$$
| $$__  $$   | $$   | $$__  $$| $$__/    \  $$ $$/ | $$__  $$
| $$  | $$   | $$   | $$  \ $$| $$        \  $$$/  | $$  | $$
| $$  | $$   | $$   | $$  | $$| $$$$$$$$   \  $/   | $$  | $$
|__/  |__/   |__/   |__/  |__/|________/    \_/    |__/  |__/
 - Start Server port: 3789
[2018-08-20T10:45:02.099] [INFO] 
  /$$$$$$  /$$$$$$$$ /$$$$$$$  /$$$$$$$$ /$$    /$$  /$$$$$$
 /$$__  $$|__  $$__/| $$__  $$| $$_____/| $$   | $$ /$$__  $$
| $$  \ $$   | $$   | $$  \ $$| $$      | $$   | $$| $$  \ $$
| $$$$$$$$   | $$   | $$$$$$$/| $$$$$   |  $$ / $$/| $$$$$$$$
| $$__  $$   | $$   | $$__  $$| $$__/    \  $$ $$/ | $$__  $$
| $$  | $$   | $$   | $$  \ $$| $$        \  $$$/  | $$  | $$
| $$  | $$   | $$   | $$  | $$| $$$$$$$$   \  $/   | $$  | $$
|__/  |__/   |__/   |__/  |__/|________/    \_/    |__/  |__/
 - Start Server port: 3789
[2018-08-20T10:48:33.669] [INFO] 
  /$$$$$$  /$$$$$$$$ /$$$$$$$  /$$$$$$$$ /$$    /$$  /$$$$$$
 /$$__  $$|__  $$__/| $$__  $$| $$_____/| $$   | $$ /$$__  $$
| $$  \ $$   | $$   | $$  \ $$| $$      | $$   | $$| $$  \ $$
| $$$$$$$$   | $$   | $$$$$$$/| $$$$$   |  $$ / $$/| $$$$$$$$
| $$__  $$   | $$   | $$__  $$| $$__/    \  $$ $$/ | $$__  $$
| $$  | $$   | $$   | $$  \ $$| $$        \  $$$/  | $$  | $$
| $$  | $$   | $$   | $$  | $$| $$$$$$$$   \  $/   | $$  | $$
|__/  |__/   |__/   |__/  |__/|________/    \_/    |__/  |__/
 - Start Server port: 3789
[2018-08-20T10:51:59.382] [INFO] 
  /$$$$$$  /$$$$$$$$ /$$$$$$$  /$$$$$$$$ /$$    /$$  /$$$$$$
 /$$__  $$|__  $$__/| $$__  $$| $$_____/| $$   | $$ /$$__  $$
| $$  \ $$   | $$   | $$  \ $$| $$      | $$   | $$| $$  \ $$
| $$$$$$$$   | $$   | $$$$$$$/| $$$$$   |  $$ / $$/| $$$$$$$$
| $$__  $$   | $$   | $$__  $$| $$__/    \  $$ $$/ | $$__  $$
| $$  | $$   | $$   | $$  \ $$| $$        \  $$$/  | $$  | $$
| $$  | $$   | $$   | $$  | $$| $$$$$$$$   \  $/   | $$  | $$
|__/  |__/   |__/   |__/  |__/|________/    \_/    |__/  |__/
 - Start Server port: 3789
[2018-08-20T10:55:36.509] [INFO] 
  /$$$$$$  /$$$$$$$$ /$$$$$$$  /$$$$$$$$ /$$    /$$  /$$$$$$
 /$$__  $$|__  $$__/| $$__  $$| $$_____/| $$   | $$ /$$__  $$
| $$  \ $$   | $$   | $$  \ $$| $$      | $$   | $$| $$  \ $$
| $$$$$$$$   | $$   | $$$$$$$/| $$$$$   |  $$ / $$/| $$$$$$$$
| $$__  $$   | $$   | $$__  $$| $$__/    \  $$ $$/ | $$__  $$
| $$  | $$   | $$   | $$  \ $$| $$        \  $$$/  | $$  | $$
| $$  | $$   | $$   | $$  | $$| $$$$$$$$   \  $/   | $$  | $$
|__/  |__/   |__/   |__/  |__/|________/    \_/    |__/  |__/
 - Start Server port: 3789
[2018-08-20T10:56:59.199] [INFO] 
  /$$$$$$  /$$$$$$$$ /$$$$$$$  /$$$$$$$$ /$$    /$$  /$$$$$$
 /$$__  $$|__  $$__/| $$__  $$| $$_____/| $$   | $$ /$$__  $$
| $$  \ $$   | $$   | $$  \ $$| $$      | $$   | $$| $$  \ $$
| $$$$$$$$   | $$   | $$$$$$$/| $$$$$   |  $$ / $$/| $$$$$$$$
| $$__  $$   | $$   | $$__  $$| $$__/    \  $$ $$/ | $$__  $$
| $$  | $$   | $$   | $$  \ $$| $$        \  $$$/  | $$  | $$
| $$  | $$   | $$   | $$  | $$| $$$$$$$$   \  $/   | $$  | $$
|__/  |__/   |__/   |__/  |__/|________/    \_/    |__/  |__/
 - Start Server port: 3789
[2018-08-20T10:57:47.019] [INFO] 
  /$$$$$$  /$$$$$$$$ /$$$$$$$  /$$$$$$$$ /$$    /$$  /$$$$$$
 /$$__  $$|__  $$__/| $$__  $$| $$_____/| $$   | $$ /$$__  $$
| $$  \ $$   | $$   | $$  \ $$| $$      | $$   | $$| $$  \ $$
| $$$$$$$$   | $$   | $$$$$$$/| $$$$$   |  $$ / $$/| $$$$$$$$
| $$__  $$   | $$   | $$__  $$| $$__/    \  $$ $$/ | $$__  $$
| $$  | $$   | $$   | $$  \ $$| $$        \  $$$/  | $$  | $$
| $$  | $$   | $$   | $$  | $$| $$$$$$$$   \  $/   | $$  | $$
|__/  |__/   |__/   |__/  |__/|________/    \_/    |__/  |__/
 - Start Server port: 3789
[2018-08-20T15:25:37.478] [INFO] 
  /$$$$$$  /$$$$$$$$ /$$$$$$$  /$$$$$$$$ /$$    /$$  /$$$$$$
 /$$__  $$|__  $$__/| $$__  $$| $$_____/| $$   | $$ /$$__  $$
| $$  \ $$   | $$   | $$  \ $$| $$      | $$   | $$| $$  \ $$
| $$$$$$$$   | $$   | $$$$$$$/| $$$$$   |  $$ / $$/| $$$$$$$$
| $$__  $$   | $$   | $$__  $$| $$__/    \  $$ $$/ | $$__  $$
| $$  | $$   | $$   | $$  \ $$| $$        \  $$$/  | $$  | $$
| $$  | $$   | $$   | $$  | $$| $$$$$$$$   \  $/   | $$  | $$
|__/  |__/   |__/   |__/  |__/|________/    \_/    |__/  |__/
 - Start Server port: 3789
[2018-08-20T15:53:35.444] [INFO] 
  /$$$$$$  /$$$$$$$$ /$$$$$$$  /$$$$$$$$ /$$    /$$  /$$$$$$
 /$$__  $$|__  $$__/| $$__  $$| $$_____/| $$   | $$ /$$__  $$
| $$  \ $$   | $$   | $$  \ $$| $$      | $$   | $$| $$  \ $$
| $$$$$$$$   | $$   | $$$$$$$/| $$$$$   |  $$ / $$/| $$$$$$$$
| $$__  $$   | $$   | $$__  $$| $$__/    \  $$ $$/ | $$__  $$
| $$  | $$   | $$   | $$  \ $$| $$        \  $$$/  | $$  | $$
| $$  | $$   | $$   | $$  | $$| $$$$$$$$   \  $/   | $$  | $$
|__/  |__/   |__/   |__/  |__/|________/    \_/    |__/  |__/
 - Start Server port: 3789
[2018-08-20T15:58:57.441] [INFO] 
  /$$$$$$  /$$$$$$$$ /$$$$$$$  /$$$$$$$$ /$$    /$$  /$$$$$$
 /$$__  $$|__  $$__/| $$__  $$| $$_____/| $$   | $$ /$$__  $$
| $$  \ $$   | $$   | $$  \ $$| $$      | $$   | $$| $$  \ $$
| $$$$$$$$   | $$   | $$$$$$$/| $$$$$   |  $$ / $$/| $$$$$$$$
| $$__  $$   | $$   | $$__  $$| $$__/    \  $$ $$/ | $$__  $$
| $$  | $$   | $$   | $$  \ $$| $$        \  $$$/  | $$  | $$
| $$  | $$   | $$   | $$  | $$| $$$$$$$$   \  $/   | $$  | $$
|__/  |__/   |__/   |__/  |__/|________/    \_/    |__/  |__/
 - Start Server port: 3789
[2018-08-20T15:59:12.452] [INFO] 
  /$$$$$$  /$$$$$$$$ /$$$$$$$  /$$$$$$$$ /$$    /$$  /$$$$$$
 /$$__  $$|__  $$__/| $$__  $$| $$_____/| $$   | $$ /$$__  $$
| $$  \ $$   | $$   | $$  \ $$| $$      | $$   | $$| $$  \ $$
| $$$$$$$$   | $$   | $$$$$$$/| $$$$$   |  $$ / $$/| $$$$$$$$
| $$__  $$   | $$   | $$__  $$| $$__/    \  $$ $$/ | $$__  $$
| $$  | $$   | $$   | $$  \ $$| $$        \  $$$/  | $$  | $$
| $$  | $$   | $$   | $$  | $$| $$$$$$$$   \  $/   | $$  | $$
|__/  |__/   |__/   |__/  |__/|________/    \_/    |__/  |__/
 - Start Server port: 3789
[2018-08-20T15:59:29.464] [INFO] 
  /$$$$$$  /$$$$$$$$ /$$$$$$$  /$$$$$$$$ /$$    /$$  /$$$$$$
 /$$__  $$|__  $$__/| $$__  $$| $$_____/| $$   | $$ /$$__  $$
| $$  \ $$   | $$   | $$  \ $$| $$      | $$   | $$| $$  \ $$
| $$$$$$$$   | $$   | $$$$$$$/| $$$$$   |  $$ / $$/| $$$$$$$$
| $$__  $$   | $$   | $$__  $$| $$__/    \  $$ $$/ | $$__  $$
| $$  | $$   | $$   | $$  \ $$| $$        \  $$$/  | $$  | $$
| $$  | $$   | $$   | $$  | $$| $$$$$$$$   \  $/   | $$  | $$
|__/  |__/   |__/   |__/  |__/|________/    \_/    |__/  |__/
 - Start Server port: 3789
[2018-08-20T16:00:16.744] [INFO] 
  /$$$$$$  /$$$$$$$$ /$$$$$$$  /$$$$$$$$ /$$    /$$  /$$$$$$
 /$$__  $$|__  $$__/| $$__  $$| $$_____/| $$   | $$ /$$__  $$
| $$  \ $$   | $$   | $$  \ $$| $$      | $$   | $$| $$  \ $$
| $$$$$$$$   | $$   | $$$$$$$/| $$$$$   |  $$ / $$/| $$$$$$$$
| $$__  $$   | $$   | $$__  $$| $$__/    \  $$ $$/ | $$__  $$
| $$  | $$   | $$   | $$  \ $$| $$        \  $$$/  | $$  | $$
| $$  | $$   | $$   | $$  | $$| $$$$$$$$   \  $/   | $$  | $$
|__/  |__/   |__/   |__/  |__/|________/    \_/    |__/  |__/
 - Start Server port: 3789
[2018-08-20T16:01:07.532] [INFO] 
  /$$$$$$  /$$$$$$$$ /$$$$$$$  /$$$$$$$$ /$$    /$$  /$$$$$$
 /$$__  $$|__  $$__/| $$__  $$| $$_____/| $$   | $$ /$$__  $$
| $$  \ $$   | $$   | $$  \ $$| $$      | $$   | $$| $$  \ $$
| $$$$$$$$   | $$   | $$$$$$$/| $$$$$   |  $$ / $$/| $$$$$$$$
| $$__  $$   | $$   | $$__  $$| $$__/    \  $$ $$/ | $$__  $$
| $$  | $$   | $$   | $$  \ $$| $$        \  $$$/  | $$  | $$
| $$  | $$   | $$   | $$  | $$| $$$$$$$$   \  $/   | $$  | $$
|__/  |__/   |__/   |__/  |__/|________/    \_/    |__/  |__/
 - Start Server port: 3789
[2018-08-20T16:03:14.815] [INFO] 
  /$$$$$$  /$$$$$$$$ /$$$$$$$  /$$$$$$$$ /$$    /$$  /$$$$$$
 /$$__  $$|__  $$__/| $$__  $$| $$_____/| $$   | $$ /$$__  $$
| $$  \ $$   | $$   | $$  \ $$| $$      | $$   | $$| $$  \ $$
| $$$$$$$$   | $$   | $$$$$$$/| $$$$$   |  $$ / $$/| $$$$$$$$
| $$__  $$   | $$   | $$__  $$| $$__/    \  $$ $$/ | $$__  $$
| $$  | $$   | $$   | $$  \ $$| $$        \  $$$/  | $$  | $$
| $$  | $$   | $$   | $$  | $$| $$$$$$$$   \  $/   | $$  | $$
|__/  |__/   |__/   |__/  |__/|________/    \_/    |__/  |__/
 - Start Server port: 3789
[2018-08-20T16:04:18.418] [INFO] 
  /$$$$$$  /$$$$$$$$ /$$$$$$$  /$$$$$$$$ /$$    /$$  /$$$$$$
 /$$__  $$|__  $$__/| $$__  $$| $$_____/| $$   | $$ /$$__  $$
| $$  \ $$   | $$   | $$  \ $$| $$      | $$   | $$| $$  \ $$
| $$$$$$$$   | $$   | $$$$$$$/| $$$$$   |  $$ / $$/| $$$$$$$$
| $$__  $$   | $$   | $$__  $$| $$__/    \  $$ $$/ | $$__  $$
| $$  | $$   | $$   | $$  \ $$| $$        \  $$$/  | $$  | $$
| $$  | $$   | $$   | $$  | $$| $$$$$$$$   \  $/   | $$  | $$
|__/  |__/   |__/   |__/  |__/|________/    \_/    |__/  |__/
 - Start Server port: 3789
[2018-08-20T16:08:28.836] [ERROR] USUARIOS USERS - DA - set_credit_request_approved => error: invalid input syntax for integer: "550.55"
[2018-08-20T16:10:08.972] [INFO] 
  /$$$$$$  /$$$$$$$$ /$$$$$$$  /$$$$$$$$ /$$    /$$  /$$$$$$
 /$$__  $$|__  $$__/| $$__  $$| $$_____/| $$   | $$ /$$__  $$
| $$  \ $$   | $$   | $$  \ $$| $$      | $$   | $$| $$  \ $$
| $$$$$$$$   | $$   | $$$$$$$/| $$$$$   |  $$ / $$/| $$$$$$$$
| $$__  $$   | $$   | $$__  $$| $$__/    \  $$ $$/ | $$__  $$
| $$  | $$   | $$   | $$  \ $$| $$        \  $$$/  | $$  | $$
| $$  | $$   | $$   | $$  | $$| $$$$$$$$   \  $/   | $$  | $$
|__/  |__/   |__/   |__/  |__/|________/    \_/    |__/  |__/
 - Start Server port: 3789
[2018-08-20T16:20:55.810] [INFO] 
  /$$$$$$  /$$$$$$$$ /$$$$$$$  /$$$$$$$$ /$$    /$$  /$$$$$$
 /$$__  $$|__  $$__/| $$__  $$| $$_____/| $$   | $$ /$$__  $$
| $$  \ $$   | $$   | $$  \ $$| $$      | $$   | $$| $$  \ $$
| $$$$$$$$   | $$   | $$$$$$$/| $$$$$   |  $$ / $$/| $$$$$$$$
| $$__  $$   | $$   | $$__  $$| $$__/    \  $$ $$/ | $$__  $$
| $$  | $$   | $$   | $$  \ $$| $$        \  $$$/  | $$  | $$
| $$  | $$   | $$   | $$  | $$| $$$$$$$$   \  $/   | $$  | $$
|__/  |__/   |__/   |__/  |__/|________/    \_/    |__/  |__/
 - Start Server port: 3789
